{"dateTime":"2020-03-18 11:45:30","taskId":null,"handle":"skipped-non-image","filename":"PCC-COVID-Response-to-Individuals-Families-3-18-20.pdf","data":[]}
{"dateTime":"2020-03-18 14:53:23","taskId":null,"handle":"skipped-non-image","filename":"CCO-Protocol-for-Identification-and-Prioritization-of-High-Needs-3.18.2020.pdf","data":[]}
{"dateTime":"2020-03-20 08:29:59","taskId":null,"handle":"skipped-under-limits","filename":"coronavirus_cdc.jpg","data":[]}
{"dateTime":"2020-04-06 11:39:29","taskId":null,"handle":"skipped-under-limits","filename":"PCC-Logo.png","data":[]}
{"dateTime":"2020-04-06 11:40:03","taskId":null,"handle":"skipped-non-image","filename":"CDSLT-PCC-Letter-to-Families_Digital1.pdf","data":[]}
{"dateTime":"2020-04-06 11:49:03","taskId":null,"handle":"skipped-under-limits","filename":"Prime_Care_Coordination_PMS.png","data":[]}
{"dateTime":"2020-04-06 11:51:42","taskId":null,"handle":"skipped-under-limits","filename":"CDSLT-PCC-Letter-to-Families_Digital1.png","data":[]}
{"dateTime":"2020-04-06 11:53:24","taskId":null,"handle":"skipped-under-limits","filename":"CDSLT-PCC-Letter-to-Families_Digital1.png","data":[]}
{"dateTime":"2020-04-06 11:53:30","taskId":null,"handle":"skipped-under-limits","filename":"CDSLT-PCC-Letter-to-Families_Digital1.png","data":[]}
{"dateTime":"2020-04-13 10:57:42","taskId":null,"handle":"skipped-non-image","filename":"PCC-Notice-of-Rights-and-Responsibilites.pdf","data":[]}
{"dateTime":"2020-04-13 19:39:39","taskId":null,"handle":"skipped-non-image","filename":"PCC-Notice-of-Rights-and-Responsibilites.pdf","data":[]}
{"dateTime":"2020-04-13 19:39:43","taskId":null,"handle":"skipped-non-image","filename":"PCC-Notice-of-Rights-and-Responsibilites.pdf","data":[]}
{"dateTime":"2020-04-13 19:42:09","taskId":null,"handle":"skipped-non-image","filename":"PCC-Notice-of-Rights-and-Responsibilites.pdf","data":[]}
{"dateTime":"2020-04-15 16:16:28","taskId":null,"handle":"skipped-non-image","filename":"PCC-COVID-Response-to-Individuals-Families-3-18-20.pdf","data":[]}
{"dateTime":"2020-04-15 16:33:26","taskId":null,"handle":"skipped-non-image","filename":"COVID-19-CCO-Newsletter.pdf","data":[]}
{"dateTime":"2020-04-15 16:34:26","taskId":null,"handle":"skipped-non-image","filename":"CCO-Champion-Newsletter-2.pdf","data":[]}
{"dateTime":"2020-04-17 16:28:48","taskId":null,"handle":"skipped-non-image","filename":"CCO-Letter-Residential-Communication-for-Residential-Providers-PAs-4.16.2020.pdf","data":[]}
{"dateTime":"2020-04-22 16:12:06","taskId":null,"handle":"skipped-non-image","filename":"Champion-Newsletter-31.pdf","data":[]}
{"dateTime":"2020-04-27 12:26:15","taskId":null,"handle":"skipped-non-image","filename":"CCO-Champion-Newsletter-4-Draft.pdf","data":[]}
{"dateTime":"2020-04-28 14:54:03","taskId":null,"handle":"skipped-under-limits","filename":"kate-wagner-1024x1024.jpg","data":[]}
{"dateTime":"2020-04-28 14:54:22","taskId":null,"handle":"error","filename":"kate-wagner-1024x1024.jpg","data":{"message":"Unable to find path: "}}
{"dateTime":"2020-04-28 22:34:55","taskId":null,"handle":"skipped-under-limits","filename":"CDSLT-Logo_New_2018.jpg","data":[]}
{"dateTime":"2020-04-28 22:35:12","taskId":null,"handle":"skipped-under-limits","filename":"CDSLT-Logo_New_2018.jpg","data":[]}
{"dateTime":"2020-04-28 22:38:22","taskId":null,"handle":"skipped-under-limits","filename":"CDSLT_sm.jpg","data":[]}
{"dateTime":"2020-05-06 12:10:54","taskId":null,"handle":"skipped-under-limits","filename":"AdobeStock_261833431.jpg","data":[]}
{"dateTime":"2020-06-15 12:40:39","taskId":null,"handle":"skipped-larger-result","filename":"Kate.Wagner_2020-01.png","data":[]}
{"dateTime":"2020-06-15 12:43:20","taskId":null,"handle":"error","filename":"Kate.Wagner_2020-01.png","data":{"message":"Unable to find path: "}}
{"dateTime":"2020-06-15 12:43:52","taskId":null,"handle":"error","filename":"Kate.Wagner_2020-01.png","data":{"message":"Unable to find path: "}}
{"dateTime":"2020-06-16 14:16:13","taskId":null,"handle":"skipped-under-limits","filename":"CoreyandMasonRickerson094.jpg","data":[]}
{"dateTime":"2020-07-09 12:30:03","taskId":null,"handle":"skipped-non-image","filename":"CCO-Champion-Newsletter-5.pdf","data":[]}
{"dateTime":"2020-08-10 11:26:19","taskId":null,"handle":"skipped-under-limits","filename":"EmilyNeville-6955_ppFinal.jpg","data":[]}
{"dateTime":"2020-08-10 11:27:29","taskId":null,"handle":"skipped-under-limits","filename":"AndreaGreene.jpg","data":[]}
{"dateTime":"2020-08-10 11:38:37","taskId":null,"handle":"error","filename":"IMG_4218.png","data":{"message":"The file \u201cIMG_42185f3169fd070d68.65156661.png\u201d does not appear to be an image."}}
{"dateTime":"2020-08-10 11:40:45","taskId":null,"handle":"skipped-larger-result","filename":"IMG_4218.JPG","data":[]}
{"dateTime":"2020-08-10 11:43:13","taskId":null,"handle":"error","filename":"IMG_4218.JPG","data":{"message":"Unable to find path: "}}
{"dateTime":"2020-08-13 14:52:12","taskId":null,"handle":"error","filename":"PrimeCare-Bifold_English.pdf","data":{"message":"Unable to find path: "}}
{"dateTime":"2020-08-13 14:52:23","taskId":null,"handle":"error","filename":"PrimeCare-Bifold_Spanish.pdf","data":{"message":"Unable to find path: "}}
{"dateTime":"2020-08-13 14:52:49","taskId":null,"handle":"error","filename":"FAQ.pdf","data":{"message":"Unable to find path: "}}
{"dateTime":"2020-08-13 14:53:09","taskId":null,"handle":"error","filename":"FAQ_Spanish.pdf","data":{"message":"Unable to find path: "}}
{"dateTime":"2020-08-13 14:53:21","taskId":null,"handle":"error","filename":"OPWDD_3-IndFamsFAQs.pdf","data":{"message":"Unable to find path: "}}
{"dateTime":"2020-08-13 14:53:37","taskId":null,"handle":"error","filename":"OPWDD_3-MSCFAQs.pdf","data":{"message":"Unable to find path: "}}
{"dateTime":"2020-08-13 14:53:46","taskId":null,"handle":"error","filename":"DOHFAQsforHH.pdf","data":{"message":"Unable to find path: "}}
{"dateTime":"2020-09-03 10:06:59","taskId":null,"handle":"skipped-under-limits","filename":"Shannon.Jung_PCC.jpg","data":[]}
{"dateTime":"2020-09-03 10:07:14","taskId":null,"handle":"error","filename":"Shannon.Jung_PCC.jpg","data":{"message":"Unable to find path: "}}
{"dateTime":"2020-09-03 10:55:15","taskId":null,"handle":"skipped-under-limits","filename":"daniel-gayton.jpg","data":[]}
{"dateTime":"2020-09-03 10:55:29","taskId":null,"handle":"error","filename":"daniel-gayton.jpg","data":{"message":"Unable to find path: "}}
{"dateTime":"2020-09-08 15:04:53","taskId":null,"handle":"skipped-larger-result","filename":"IMG_4224-copy.jpg","data":[]}
{"dateTime":"2020-09-08 15:05:29","taskId":null,"handle":"skipped-larger-result","filename":"IMG_4224-copy.jpg","data":[]}
{"dateTime":"2020-09-08 15:07:47","taskId":null,"handle":"skipped-larger-result","filename":"IMG_4224-copy.jpg","data":[]}
{"dateTime":"2020-09-08 15:07:52","taskId":null,"handle":"skipped-larger-result","filename":"IMG_4224-copy.jpg","data":[]}
{"dateTime":"2020-09-08 15:08:09","taskId":null,"handle":"error","filename":"IMG_4224-copy.jpg","data":{"message":"Unable to find path: "}}
{"dateTime":"2020-09-21 09:59:35","taskId":null,"handle":"skipped-under-limits","filename":"IMG_4228-for-web.jpg","data":[]}
{"dateTime":"2020-09-21 09:59:48","taskId":null,"handle":"error","filename":"IMG_4228-for-web.jpg","data":{"message":"Unable to find path: "}}
{"dateTime":"2020-10-01 14:55:01","taskId":null,"handle":"error","filename":"PrimeCare-Bifold_Spanish.pdf","data":{"message":"Unable to find path: "}}
{"dateTime":"2020-10-01 14:55:25","taskId":null,"handle":"error","filename":"FAQ_Spanish.pdf","data":{"message":"Unable to find path: "}}
{"dateTime":"2020-10-01 14:55:43","taskId":null,"handle":"error","filename":"PrimeCare-Bifold_English.pdf","data":{"message":"Unable to find path: "}}
{"dateTime":"2020-10-01 14:56:03","taskId":null,"handle":"error","filename":"FAQ.pdf","data":{"message":"Unable to find path: "}}
{"dateTime":"2020-10-01 14:56:25","taskId":null,"handle":"error","filename":"OPWDD_3-IndFamsFAQs.pdf","data":{"message":"Unable to find path: "}}
{"dateTime":"2020-10-01 14:56:39","taskId":null,"handle":"error","filename":"OPWDD_3-MSCFAQs.pdf","data":{"message":"Unable to find path: "}}
{"dateTime":"2020-10-01 14:56:53","taskId":null,"handle":"error","filename":"DOHFAQsforHH.pdf","data":{"message":"Unable to find path: "}}
{"dateTime":"2020-10-29 14:22:42","taskId":null,"handle":"skipped-under-limits","filename":"image006.jpg","data":[]}
{"dateTime":"2020-10-29 14:23:52","taskId":null,"handle":"skipped-under-limits","filename":"Presence-Counseling-Services.jpg","data":[]}
{"dateTime":"2020-10-29 14:23:52","taskId":null,"handle":"skipped-under-limits","filename":"Presence-Developmental-Services.jpg","data":[]}
{"dateTime":"2020-11-06 14:05:25","taskId":null,"handle":"skipped-under-limits","filename":"JoshuaMorreall802.jpg","data":[]}
{"dateTime":"2020-11-06 14:05:55","taskId":null,"handle":"error","filename":"JoshuaMorreall802.jpg","data":{"message":"Unable to find path: "}}
{"dateTime":"2020-11-06 14:06:06","taskId":null,"handle":"error","filename":"JoshuaMorreall802.jpg","data":{"message":"Unable to find path: "}}
{"dateTime":"2021-01-15 10:47:35","taskId":null,"handle":"skipped-under-limits","filename":"PCC-Logo.png","data":[]}
{"dateTime":"2021-01-15 10:47:42","taskId":null,"handle":"error","filename":"PCC-Logo.png","data":{"message":"Unable to find path: "}}
{"dateTime":"2021-01-15 11:29:58","taskId":null,"handle":"skipped-non-image","filename":"PCC-Bifold_2020.pdf","data":[]}
{"dateTime":"2021-01-15 14:35:00","taskId":null,"handle":"skipped-non-image","filename":"PCC-Bifold_Spanish_2021.pdf","data":[]}
{"dateTime":"2021-01-15 14:38:14","taskId":null,"handle":"skipped-non-image","filename":"PCC-Bifold_Spanish_2021.pdf","data":[]}
{"dateTime":"2021-01-15 14:38:17","taskId":null,"handle":"skipped-non-image","filename":"PCC-Bifold_Spanish_2021.pdf","data":[]}
{"dateTime":"2021-01-15 14:51:37","taskId":null,"handle":"skipped-non-image","filename":"SPANISH-Hardcopy-IFAB-Application-Person-Supported.docx","data":[]}
{"dateTime":"2021-01-15 14:51:38","taskId":null,"handle":"skipped-non-image","filename":"SPANISH-Hardcopy-IFAB-application-Family_Caregiver.docx","data":[]}
{"dateTime":"2021-01-15 14:51:38","taskId":null,"handle":"skipped-non-image","filename":"SPANISH-Electronic-IFAB-Application-Person-Supported.docx","data":[]}
{"dateTime":"2021-01-15 14:51:39","taskId":null,"handle":"skipped-non-image","filename":"SPANISH-Electronic-IFAB-application-Family_Caregiver.docx","data":[]}
{"dateTime":"2021-01-15 14:51:39","taskId":null,"handle":"skipped-non-image","filename":"Hardcopy-IFAB-application-Person-Supported.docx","data":[]}
{"dateTime":"2021-01-15 14:51:39","taskId":null,"handle":"skipped-non-image","filename":"Hardcopy-IFAB-application-Family_Caregiver.docx","data":[]}
{"dateTime":"2021-01-15 14:51:40","taskId":null,"handle":"skipped-non-image","filename":"Electronic-IFAB-application-Family_Caregiver.docx","data":[]}
{"dateTime":"2021-01-15 14:51:40","taskId":null,"handle":"skipped-non-image","filename":"Electronic-IFAB-application-Person-Supported.docx","data":[]}
